2015-11-30 12:27:17,626 WARN org.apache.hadoop.util.NativeCodeLoader: Unable to load native-hadoop library for your platform... using builtin-java classes where applicable
2015-11-30 12:27:19,769 INFO org.apache.hadoop.conf.Configuration.deprecation: session.id is deprecated. Instead, use dfs.metrics.session-id
2015-11-30 12:27:19,771 INFO org.apache.hadoop.metrics.jvm.JvmMetrics: Initializing JVM Metrics with processName=JobTracker, sessionId=
2015-11-30 12:27:20,265 WARN org.apache.hadoop.mapreduce.JobSubmitter: No job jar file set.  User classes may not be found. See Job or Job#setJar(String).
2015-11-30 12:27:20,349 INFO org.apache.hadoop.mapreduce.lib.input.FileInputFormat: Total input paths to process : 3
2015-11-30 12:27:20,410 INFO org.apache.hadoop.mapreduce.JobSubmitter: number of splits:3
2015-11-30 12:27:20,729 INFO org.apache.hadoop.mapreduce.JobSubmitter: Submitting tokens for job: job_local2058182930_0001
2015-11-30 12:27:20,864 WARN org.apache.hadoop.conf.Configuration: file:/tmp/hadoop-cloudera/mapred/staging/cloudera2058182930/.staging/job_local2058182930_0001/job.xml:an attempt to override final parameter: mapreduce.job.end-notification.max.retry.interval;  Ignoring.
2015-11-30 12:27:20,894 WARN org.apache.hadoop.conf.Configuration: file:/tmp/hadoop-cloudera/mapred/staging/cloudera2058182930/.staging/job_local2058182930_0001/job.xml:an attempt to override final parameter: mapreduce.job.end-notification.max.attempts;  Ignoring.
2015-11-30 12:27:21,290 WARN org.apache.hadoop.conf.Configuration: file:/tmp/hadoop-cloudera/mapred/local/localRunner/cloudera/job_local2058182930_0001/job_local2058182930_0001.xml:an attempt to override final parameter: mapreduce.job.end-notification.max.retry.interval;  Ignoring.
2015-11-30 12:27:21,321 WARN org.apache.hadoop.conf.Configuration: file:/tmp/hadoop-cloudera/mapred/local/localRunner/cloudera/job_local2058182930_0001/job_local2058182930_0001.xml:an attempt to override final parameter: mapreduce.job.end-notification.max.attempts;  Ignoring.
2015-11-30 12:27:21,361 INFO org.apache.hadoop.mapreduce.Job: The url to track the job: http://localhost:8080/
2015-11-30 12:27:21,362 INFO org.apache.hadoop.mapreduce.Job: Running job: job_local2058182930_0001
2015-11-30 12:27:21,371 INFO org.apache.hadoop.mapred.LocalJobRunner: OutputCommitter set in config null
2015-11-30 12:27:21,392 INFO org.apache.hadoop.mapred.LocalJobRunner: OutputCommitter is org.apache.hadoop.mapreduce.lib.output.FileOutputCommitter
2015-11-30 12:27:21,519 INFO org.apache.hadoop.mapred.LocalJobRunner: Waiting for map tasks
2015-11-30 12:27:21,520 INFO org.apache.hadoop.mapred.LocalJobRunner: Starting task: attempt_local2058182930_0001_m_000000_0
2015-11-30 12:27:21,588 INFO org.apache.hadoop.mapred.Task:  Using ResourceCalculatorProcessTree : [ ]
2015-11-30 12:27:21,594 INFO org.apache.hadoop.mapred.MapTask: Processing split: hdfs://localhost/user/cloudera/shakespeare1/pg1524.txt:0+192944
2015-11-30 12:27:21,714 INFO org.apache.hadoop.mapred.MapTask: (EQUATOR) 0 kvi 26214396(104857584)
2015-11-30 12:27:21,715 INFO org.apache.hadoop.mapred.MapTask: mapreduce.task.io.sort.mb: 100
2015-11-30 12:27:21,715 INFO org.apache.hadoop.mapred.MapTask: soft limit at 83886080
2015-11-30 12:27:21,715 INFO org.apache.hadoop.mapred.MapTask: bufstart = 0; bufvoid = 104857600
2015-11-30 12:27:21,715 INFO org.apache.hadoop.mapred.MapTask: kvstart = 26214396; length = 6553600
2015-11-30 12:27:21,730 INFO org.apache.hadoop.mapred.MapTask: Map output collector class = org.apache.hadoop.mapred.MapTask$MapOutputBuffer
2015-11-30 12:27:21,840 INFO org.apache.hadoop.mapreduce.lib.input.LineRecordReader: Found UTF-8 BOM and skipped it
2015-11-30 12:27:22,364 INFO org.apache.hadoop.mapreduce.Job: Job job_local2058182930_0001 running in uber mode : false
2015-11-30 12:27:22,366 INFO org.apache.hadoop.mapreduce.Job:  map 0% reduce 0%
2015-11-30 12:27:22,936 INFO org.apache.hadoop.mapred.LocalJobRunner: 
2015-11-30 12:27:22,945 INFO org.apache.hadoop.mapred.MapTask: Starting flush of map output
2015-11-30 12:27:22,945 INFO org.apache.hadoop.mapred.MapTask: Spilling map output
2015-11-30 12:27:22,945 INFO org.apache.hadoop.mapred.MapTask: bufstart = 0; bufend = 300102; bufvoid = 104857600
2015-11-30 12:27:22,945 INFO org.apache.hadoop.mapred.MapTask: kvstart = 26214396(104857584); kvend = 26083764(104335056); length = 130633/6553600
2015-11-30 12:27:23,638 INFO org.apache.hadoop.mapred.MapTask: Finished spill 0
2015-11-30 12:27:23,650 INFO org.apache.hadoop.mapred.Task: Task:attempt_local2058182930_0001_m_000000_0 is done. And is in the process of committing
2015-11-30 12:27:23,688 INFO org.apache.hadoop.mapred.LocalJobRunner: map
2015-11-30 12:27:23,695 INFO org.apache.hadoop.mapred.Task: Task 'attempt_local2058182930_0001_m_000000_0' done.
2015-11-30 12:27:23,698 INFO org.apache.hadoop.mapred.LocalJobRunner: Finishing task: attempt_local2058182930_0001_m_000000_0
2015-11-30 12:27:23,698 INFO org.apache.hadoop.mapred.LocalJobRunner: Starting task: attempt_local2058182930_0001_m_000001_0
2015-11-30 12:27:23,705 INFO org.apache.hadoop.mapred.Task:  Using ResourceCalculatorProcessTree : [ ]
2015-11-30 12:27:23,706 INFO org.apache.hadoop.mapred.MapTask: Processing split: hdfs://localhost/user/cloudera/shakespeare1/pg1112.txt:0+178983
2015-11-30 12:27:23,810 INFO org.apache.hadoop.mapred.MapTask: (EQUATOR) 0 kvi 26214396(104857584)
2015-11-30 12:27:23,818 INFO org.apache.hadoop.mapred.MapTask: mapreduce.task.io.sort.mb: 100
2015-11-30 12:27:23,818 INFO org.apache.hadoop.mapred.MapTask: soft limit at 83886080
2015-11-30 12:27:23,818 INFO org.apache.hadoop.mapred.MapTask: bufstart = 0; bufvoid = 104857600
2015-11-30 12:27:23,818 INFO org.apache.hadoop.mapred.MapTask: kvstart = 26214396; length = 6553600
2015-11-30 12:27:23,826 INFO org.apache.hadoop.mapred.MapTask: Map output collector class = org.apache.hadoop.mapred.MapTask$MapOutputBuffer
2015-11-30 12:27:23,885 INFO org.apache.hadoop.mapreduce.lib.input.LineRecordReader: Found UTF-8 BOM and skipped it
2015-11-30 12:27:24,179 INFO org.apache.hadoop.mapred.LocalJobRunner: 
2015-11-30 12:27:24,182 INFO org.apache.hadoop.mapred.MapTask: Starting flush of map output
2015-11-30 12:27:24,183 INFO org.apache.hadoop.mapred.MapTask: Spilling map output
2015-11-30 12:27:24,183 INFO org.apache.hadoop.mapred.MapTask: bufstart = 0; bufend = 257622; bufvoid = 104857600
2015-11-30 12:27:24,183 INFO org.apache.hadoop.mapred.MapTask: kvstart = 26214396(104857584); kvend = 26102688(104410752); length = 111709/6553600
2015-11-30 12:27:24,369 INFO org.apache.hadoop.mapreduce.Job:  map 33% reduce 0%
2015-11-30 12:27:24,375 INFO org.apache.hadoop.mapred.MapTask: Finished spill 0
2015-11-30 12:27:24,378 INFO org.apache.hadoop.mapred.Task: Task:attempt_local2058182930_0001_m_000001_0 is done. And is in the process of committing
2015-11-30 12:27:24,382 INFO org.apache.hadoop.mapred.LocalJobRunner: map
2015-11-30 12:27:24,382 INFO org.apache.hadoop.mapred.Task: Task 'attempt_local2058182930_0001_m_000001_0' done.
2015-11-30 12:27:24,382 INFO org.apache.hadoop.mapred.LocalJobRunner: Finishing task: attempt_local2058182930_0001_m_000001_0
2015-11-30 12:27:24,382 INFO org.apache.hadoop.mapred.LocalJobRunner: Starting task: attempt_local2058182930_0001_m_000002_0
2015-11-30 12:27:24,384 INFO org.apache.hadoop.mapred.Task:  Using ResourceCalculatorProcessTree : [ ]
2015-11-30 12:27:24,385 INFO org.apache.hadoop.mapred.MapTask: Processing split: hdfs://localhost/user/cloudera/shakespeare1/pg2267.txt:0+171897
2015-11-30 12:27:24,442 INFO org.apache.hadoop.mapred.MapTask: (EQUATOR) 0 kvi 26214396(104857584)
2015-11-30 12:27:24,443 INFO org.apache.hadoop.mapred.MapTask: mapreduce.task.io.sort.mb: 100
2015-11-30 12:27:24,443 INFO org.apache.hadoop.mapred.MapTask: soft limit at 83886080
2015-11-30 12:27:24,443 INFO org.apache.hadoop.mapred.MapTask: bufstart = 0; bufvoid = 104857600
2015-11-30 12:27:24,443 INFO org.apache.hadoop.mapred.MapTask: kvstart = 26214396; length = 6553600
2015-11-30 12:27:24,444 INFO org.apache.hadoop.mapred.MapTask: Map output collector class = org.apache.hadoop.mapred.MapTask$MapOutputBuffer
2015-11-30 12:27:24,508 INFO org.apache.hadoop.mapreduce.lib.input.LineRecordReader: Found UTF-8 BOM and skipped it
2015-11-30 12:27:24,709 INFO org.apache.hadoop.mapred.LocalJobRunner: 
2015-11-30 12:27:24,710 INFO org.apache.hadoop.mapred.MapTask: Starting flush of map output
2015-11-30 12:27:24,710 INFO org.apache.hadoop.mapred.MapTask: Spilling map output
2015-11-30 12:27:24,710 INFO org.apache.hadoop.mapred.MapTask: bufstart = 0; bufend = 266117; bufvoid = 104857600
2015-11-30 12:27:24,710 INFO org.apache.hadoop.mapred.MapTask: kvstart = 26214396(104857584); kvend = 26099316(104397264); length = 115081/6553600
2015-11-30 12:27:24,836 INFO org.apache.hadoop.mapred.MapTask: Finished spill 0
2015-11-30 12:27:24,841 INFO org.apache.hadoop.mapred.Task: Task:attempt_local2058182930_0001_m_000002_0 is done. And is in the process of committing
2015-11-30 12:27:24,853 INFO org.apache.hadoop.mapred.LocalJobRunner: map
2015-11-30 12:27:24,853 INFO org.apache.hadoop.mapred.Task: Task 'attempt_local2058182930_0001_m_000002_0' done.
2015-11-30 12:27:24,853 INFO org.apache.hadoop.mapred.LocalJobRunner: Finishing task: attempt_local2058182930_0001_m_000002_0
2015-11-30 12:27:24,855 INFO org.apache.hadoop.mapred.LocalJobRunner: map task executor complete.
2015-11-30 12:27:24,859 INFO org.apache.hadoop.mapred.LocalJobRunner: Waiting for reduce tasks
2015-11-30 12:27:24,860 INFO org.apache.hadoop.mapred.LocalJobRunner: Starting task: attempt_local2058182930_0001_r_000000_0
2015-11-30 12:27:24,896 INFO org.apache.hadoop.mapred.Task:  Using ResourceCalculatorProcessTree : [ ]
2015-11-30 12:27:24,909 INFO org.apache.hadoop.mapred.ReduceTask: Using ShuffleConsumerPlugin: org.apache.hadoop.mapreduce.task.reduce.Shuffle@737f1fac
2015-11-30 12:27:24,961 INFO org.apache.hadoop.mapreduce.task.reduce.MergeManagerImpl: MergerManager: memoryLimit=679778688, maxSingleShuffleLimit=169944672, mergeThreshold=448653952, ioSortFactor=10, memToMemMergeOutputsThreshold=10
2015-11-30 12:27:24,982 INFO org.apache.hadoop.mapreduce.task.reduce.EventFetcher: attempt_local2058182930_0001_r_000000_0 Thread started: EventFetcher for fetching Map Completion Events
2015-11-30 12:27:25,007 INFO org.apache.hadoop.mapreduce.task.reduce.LocalFetcher: localfetcher#1 about to shuffle output of map attempt_local2058182930_0001_m_000000_0 decomp: 65168 len: 65172 to MEMORY
2015-11-30 12:27:25,011 INFO org.apache.hadoop.mapreduce.task.reduce.InMemoryMapOutput: Read 65168 bytes from map-output for attempt_local2058182930_0001_m_000000_0
2015-11-30 12:27:25,019 INFO org.apache.hadoop.mapreduce.task.reduce.MergeManagerImpl: closeInMemoryFile -> map-output of size: 65168, inMemoryMapOutputs.size() -> 1, commitMemory -> 0, usedMemory ->65168
2015-11-30 12:27:25,022 INFO org.apache.hadoop.mapreduce.task.reduce.LocalFetcher: localfetcher#1 about to shuffle output of map attempt_local2058182930_0001_m_000001_0 decomp: 53368 len: 53372 to MEMORY
2015-11-30 12:27:25,023 INFO org.apache.hadoop.mapreduce.task.reduce.InMemoryMapOutput: Read 53368 bytes from map-output for attempt_local2058182930_0001_m_000001_0
2015-11-30 12:27:25,023 INFO org.apache.hadoop.mapreduce.task.reduce.MergeManagerImpl: closeInMemoryFile -> map-output of size: 53368, inMemoryMapOutputs.size() -> 2, commitMemory -> 65168, usedMemory ->118536
2015-11-30 12:27:25,024 INFO org.apache.hadoop.mapreduce.task.reduce.LocalFetcher: localfetcher#1 about to shuffle output of map attempt_local2058182930_0001_m_000002_0 decomp: 59170 len: 59174 to MEMORY
2015-11-30 12:27:25,025 INFO org.apache.hadoop.mapreduce.task.reduce.InMemoryMapOutput: Read 59170 bytes from map-output for attempt_local2058182930_0001_m_000002_0
2015-11-30 12:27:25,026 INFO org.apache.hadoop.mapreduce.task.reduce.MergeManagerImpl: closeInMemoryFile -> map-output of size: 59170, inMemoryMapOutputs.size() -> 3, commitMemory -> 118536, usedMemory ->177706
2015-11-30 12:27:25,026 INFO org.apache.hadoop.mapreduce.task.reduce.EventFetcher: EventFetcher is interrupted.. Returning
2015-11-30 12:27:25,027 INFO org.apache.hadoop.mapred.LocalJobRunner: 3 / 3 copied.
2015-11-30 12:27:25,027 INFO org.apache.hadoop.mapreduce.task.reduce.MergeManagerImpl: finalMerge called with 3 in-memory map-outputs and 0 on-disk map-outputs
2015-11-30 12:27:25,042 INFO org.apache.hadoop.mapred.Merger: Merging 3 sorted segments
2015-11-30 12:27:25,042 INFO org.apache.hadoop.mapred.Merger: Down to the last merge-pass, with 3 segments left of total size: 177684 bytes
2015-11-30 12:27:25,212 INFO org.apache.hadoop.mapreduce.task.reduce.MergeManagerImpl: Merged 3 segments, 177706 bytes to disk to satisfy reduce memory limit
2015-11-30 12:27:25,214 INFO org.apache.hadoop.mapreduce.task.reduce.MergeManagerImpl: Merging 1 files, 177706 bytes from disk
2015-11-30 12:27:25,217 INFO org.apache.hadoop.mapreduce.task.reduce.MergeManagerImpl: Merging 0 segments, 0 bytes from memory into reduce
2015-11-30 12:27:25,219 INFO org.apache.hadoop.mapred.Merger: Merging 1 sorted segments
2015-11-30 12:27:25,219 INFO org.apache.hadoop.mapred.Merger: Down to the last merge-pass, with 1 segments left of total size: 177696 bytes
2015-11-30 12:27:25,221 INFO org.apache.hadoop.mapred.LocalJobRunner: 3 / 3 copied.
2015-11-30 12:27:25,271 INFO org.apache.hadoop.conf.Configuration.deprecation: mapred.skip.on is deprecated. Instead, use mapreduce.job.skiprecords
2015-11-30 12:27:25,369 INFO org.apache.hadoop.mapreduce.Job:  map 100% reduce 0%
2015-11-30 12:27:25,923 INFO org.apache.hadoop.mapred.Task: Task:attempt_local2058182930_0001_r_000000_0 is done. And is in the process of committing
2015-11-30 12:27:25,933 INFO org.apache.hadoop.mapred.LocalJobRunner: 3 / 3 copied.
2015-11-30 12:27:25,933 INFO org.apache.hadoop.mapred.Task: Task attempt_local2058182930_0001_r_000000_0 is allowed to commit now
2015-11-30 12:27:25,944 INFO org.apache.hadoop.mapreduce.lib.output.FileOutputCommitter: Saved output of task 'attempt_local2058182930_0001_r_000000_0' to hdfs://localhost/user/cloudera/hadoopout/_temporary/0/task_local2058182930_0001_r_000000
2015-11-30 12:27:25,945 INFO org.apache.hadoop.mapred.LocalJobRunner: reduce > reduce
2015-11-30 12:27:25,946 INFO org.apache.hadoop.mapred.Task: Task 'attempt_local2058182930_0001_r_000000_0' done.
2015-11-30 12:27:25,946 INFO org.apache.hadoop.mapred.LocalJobRunner: Finishing task: attempt_local2058182930_0001_r_000000_0
2015-11-30 12:27:25,946 INFO org.apache.hadoop.mapred.LocalJobRunner: reduce task executor complete.
2015-11-30 12:27:26,371 INFO org.apache.hadoop.mapreduce.Job:  map 100% reduce 100%
2015-11-30 12:27:26,371 INFO org.apache.hadoop.mapreduce.Job: Job job_local2058182930_0001 completed successfully
2015-11-30 12:27:26,404 INFO org.apache.hadoop.mapreduce.Job: Counters: 41
	File System Counters
		FILE: Number of bytes read=359308
		FILE: Number of bytes written=1719318
		FILE: Number of read operations=0
		FILE: Number of large read operations=0
		FILE: Number of write operations=0
		HDFS: Number of bytes read=1652519
		HDFS: Number of bytes written=88411
		HDFS: Number of read operations=37
		HDFS: Number of large read operations=0
		HDFS: Number of write operations=6
	Map-Reduce Framework
		Map input records=16955
		Map output records=89358
		Map output bytes=823841
		Map output materialized bytes=177718
		Input split bytes=357
		Combine input records=89358
		Combine output records=13335
		Reduce input groups=9118
		Reduce shuffle bytes=177718
		Reduce input records=13335
		Reduce output records=9118
		Spilled Records=26670
		Shuffled Maps =3
		Failed Shuffles=0
		Merged Map outputs=3
		GC time elapsed (ms)=139
		CPU time spent (ms)=0
		Physical memory (bytes) snapshot=0
		Virtual memory (bytes) snapshot=0
		Total committed heap usage (bytes)=773603328
	Records
		COUNT_TS=13031
		DISTINCT_TERMS=4673
		TERMS_LT5=7202
	Shuffle Errors
		BAD_ID=0
		CONNECTION=0
		IO_ERROR=0
		WRONG_LENGTH=0
		WRONG_MAP=0
		WRONG_REDUCE=0
	File Input Format Counters 
		Bytes Read=543824
	File Output Format Counters 
		Bytes Written=88411
