2015-11-25 17:21:45,187 WARN org.apache.hadoop.util.NativeCodeLoader: Unable to load native-hadoop library for your platform... using builtin-java classes where applicable
2015-11-25 17:22:28,239 WARN org.apache.hadoop.util.NativeCodeLoader: Unable to load native-hadoop library for your platform... using builtin-java classes where applicable
2015-11-25 17:22:30,442 INFO org.apache.hadoop.conf.Configuration.deprecation: session.id is deprecated. Instead, use dfs.metrics.session-id
2015-11-25 17:22:30,450 INFO org.apache.hadoop.metrics.jvm.JvmMetrics: Initializing JVM Metrics with processName=JobTracker, sessionId=
2015-11-25 17:22:31,714 WARN org.apache.hadoop.mapreduce.JobSubmitter: No job jar file set.  User classes may not be found. See Job or Job#setJar(String).
2015-11-25 17:22:31,733 INFO org.apache.hadoop.mapreduce.JobSubmitter: Cleaning up the staging area file:/tmp/hadoop-cloudera/mapred/staging/cloudera396386681/.staging/job_local396386681_0001
2015-11-25 17:22:31,734 WARN org.apache.hadoop.security.UserGroupInformation: PriviledgedActionException as:cloudera (auth:SIMPLE) cause:org.apache.hadoop.mapreduce.lib.input.InvalidInputException: Input path does not exist: file:/home/cloudera/hahadoop/training/shakespeare1
2015-11-25 17:23:20,270 WARN org.apache.hadoop.util.NativeCodeLoader: Unable to load native-hadoop library for your platform... using builtin-java classes where applicable
2015-11-25 17:23:22,270 INFO org.apache.hadoop.conf.Configuration.deprecation: session.id is deprecated. Instead, use dfs.metrics.session-id
2015-11-25 17:23:22,276 INFO org.apache.hadoop.metrics.jvm.JvmMetrics: Initializing JVM Metrics with processName=JobTracker, sessionId=
2015-11-25 17:23:23,057 WARN org.apache.hadoop.mapreduce.JobSubmitter: No job jar file set.  User classes may not be found. See Job or Job#setJar(String).
2015-11-25 17:23:23,074 INFO org.apache.hadoop.mapreduce.JobSubmitter: Cleaning up the staging area file:/tmp/hadoop-cloudera/mapred/staging/cloudera1710648792/.staging/job_local1710648792_0001
2015-11-25 17:23:23,076 WARN org.apache.hadoop.security.UserGroupInformation: PriviledgedActionException as:cloudera (auth:SIMPLE) cause:org.apache.hadoop.mapreduce.lib.input.InvalidInputException: Input Pattern file:/home/cloudera/hahadoop/training/shakespeare1/* matches 0 files
2015-11-25 17:26:49,322 WARN org.apache.hadoop.util.NativeCodeLoader: Unable to load native-hadoop library for your platform... using builtin-java classes where applicable
2015-11-25 17:26:51,512 INFO org.apache.hadoop.conf.Configuration.deprecation: session.id is deprecated. Instead, use dfs.metrics.session-id
2015-11-25 17:26:51,519 INFO org.apache.hadoop.metrics.jvm.JvmMetrics: Initializing JVM Metrics with processName=JobTracker, sessionId=
2015-11-25 17:26:52,452 WARN org.apache.hadoop.mapreduce.JobSubmitter: No job jar file set.  User classes may not be found. See Job or Job#setJar(String).
2015-11-25 17:26:52,472 INFO org.apache.hadoop.mapreduce.JobSubmitter: Cleaning up the staging area file:/tmp/hadoop-cloudera/mapred/staging/cloudera1652594282/.staging/job_local1652594282_0001
2015-11-25 17:26:52,474 WARN org.apache.hadoop.security.UserGroupInformation: PriviledgedActionException as:cloudera (auth:SIMPLE) cause:org.apache.hadoop.mapreduce.lib.input.InvalidInputException: Input path does not exist: hdfs://localhost/cloudera/shakespeare1
2015-11-25 17:27:25,209 WARN org.apache.hadoop.util.NativeCodeLoader: Unable to load native-hadoop library for your platform... using builtin-java classes where applicable
2015-11-25 17:27:27,094 INFO org.apache.hadoop.conf.Configuration.deprecation: session.id is deprecated. Instead, use dfs.metrics.session-id
2015-11-25 17:27:27,097 INFO org.apache.hadoop.metrics.jvm.JvmMetrics: Initializing JVM Metrics with processName=JobTracker, sessionId=
2015-11-25 17:27:27,782 WARN org.apache.hadoop.mapreduce.JobSubmitter: No job jar file set.  User classes may not be found. See Job or Job#setJar(String).
2015-11-25 17:27:27,902 INFO org.apache.hadoop.mapreduce.lib.input.FileInputFormat: Total input paths to process : 3
2015-11-25 17:27:28,027 INFO org.apache.hadoop.mapreduce.JobSubmitter: number of splits:3
2015-11-25 17:27:28,478 INFO org.apache.hadoop.mapreduce.JobSubmitter: Submitting tokens for job: job_local71799628_0001
2015-11-25 17:27:28,723 WARN org.apache.hadoop.conf.Configuration: file:/tmp/hadoop-cloudera/mapred/staging/cloudera71799628/.staging/job_local71799628_0001/job.xml:an attempt to override final parameter: mapreduce.job.end-notification.max.retry.interval;  Ignoring.
2015-11-25 17:27:28,772 WARN org.apache.hadoop.conf.Configuration: file:/tmp/hadoop-cloudera/mapred/staging/cloudera71799628/.staging/job_local71799628_0001/job.xml:an attempt to override final parameter: mapreduce.job.end-notification.max.attempts;  Ignoring.
2015-11-25 17:27:29,359 WARN org.apache.hadoop.conf.Configuration: file:/tmp/hadoop-cloudera/mapred/local/localRunner/cloudera/job_local71799628_0001/job_local71799628_0001.xml:an attempt to override final parameter: mapreduce.job.end-notification.max.retry.interval;  Ignoring.
2015-11-25 17:27:29,398 WARN org.apache.hadoop.conf.Configuration: file:/tmp/hadoop-cloudera/mapred/local/localRunner/cloudera/job_local71799628_0001/job_local71799628_0001.xml:an attempt to override final parameter: mapreduce.job.end-notification.max.attempts;  Ignoring.
2015-11-25 17:27:29,435 INFO org.apache.hadoop.mapreduce.Job: The url to track the job: http://localhost:8080/
2015-11-25 17:27:29,441 INFO org.apache.hadoop.mapreduce.Job: Running job: job_local71799628_0001
2015-11-25 17:27:29,444 INFO org.apache.hadoop.mapred.LocalJobRunner: OutputCommitter set in config null
2015-11-25 17:27:29,492 INFO org.apache.hadoop.mapred.LocalJobRunner: OutputCommitter is org.apache.hadoop.mapreduce.lib.output.FileOutputCommitter
2015-11-25 17:27:29,763 INFO org.apache.hadoop.mapred.LocalJobRunner: Waiting for map tasks
2015-11-25 17:27:29,765 INFO org.apache.hadoop.mapred.LocalJobRunner: Starting task: attempt_local71799628_0001_m_000000_0
2015-11-25 17:27:29,970 INFO org.apache.hadoop.mapred.Task:  Using ResourceCalculatorProcessTree : [ ]
2015-11-25 17:27:29,980 INFO org.apache.hadoop.mapred.MapTask: Processing split: hdfs://localhost/user/cloudera/shakespeare1/pg1524.txt:0+192944
2015-11-25 17:27:30,317 INFO org.apache.hadoop.mapred.MapTask: (EQUATOR) 0 kvi 26214396(104857584)
2015-11-25 17:27:30,318 INFO org.apache.hadoop.mapred.MapTask: mapreduce.task.io.sort.mb: 100
2015-11-25 17:27:30,318 INFO org.apache.hadoop.mapred.MapTask: soft limit at 83886080
2015-11-25 17:27:30,318 INFO org.apache.hadoop.mapred.MapTask: bufstart = 0; bufvoid = 104857600
2015-11-25 17:27:30,318 INFO org.apache.hadoop.mapred.MapTask: kvstart = 26214396; length = 6553600
2015-11-25 17:27:30,341 INFO org.apache.hadoop.mapred.MapTask: Map output collector class = org.apache.hadoop.mapred.MapTask$MapOutputBuffer
2015-11-25 17:27:30,455 INFO org.apache.hadoop.mapreduce.Job: Job job_local71799628_0001 running in uber mode : false
2015-11-25 17:27:30,459 INFO org.apache.hadoop.mapreduce.Job:  map 0% reduce 0%
2015-11-25 17:27:30,664 INFO org.apache.hadoop.mapreduce.lib.input.LineRecordReader: Found UTF-8 BOM and skipped it
2015-11-25 17:27:32,142 INFO org.apache.hadoop.mapred.LocalJobRunner: 
2015-11-25 17:27:32,148 INFO org.apache.hadoop.mapred.MapTask: Starting flush of map output
2015-11-25 17:27:32,151 INFO org.apache.hadoop.mapred.MapTask: Spilling map output
2015-11-25 17:27:32,151 INFO org.apache.hadoop.mapred.MapTask: bufstart = 0; bufend = 298142; bufvoid = 104857600
2015-11-25 17:27:32,151 INFO org.apache.hadoop.mapred.MapTask: kvstart = 26214396(104857584); kvend = 26084572(104338288); length = 129825/6553600
2015-11-25 17:27:32,771 INFO org.apache.hadoop.mapred.MapTask: Finished spill 0
2015-11-25 17:27:32,787 INFO org.apache.hadoop.mapred.Task: Task:attempt_local71799628_0001_m_000000_0 is done. And is in the process of committing
2015-11-25 17:27:32,827 INFO org.apache.hadoop.mapred.LocalJobRunner: map
2015-11-25 17:27:32,827 INFO org.apache.hadoop.mapred.Task: Task 'attempt_local71799628_0001_m_000000_0' done.
2015-11-25 17:27:32,827 INFO org.apache.hadoop.mapred.LocalJobRunner: Finishing task: attempt_local71799628_0001_m_000000_0
2015-11-25 17:27:32,828 INFO org.apache.hadoop.mapred.LocalJobRunner: Starting task: attempt_local71799628_0001_m_000001_0
2015-11-25 17:27:32,835 INFO org.apache.hadoop.mapred.Task:  Using ResourceCalculatorProcessTree : [ ]
2015-11-25 17:27:32,839 INFO org.apache.hadoop.mapred.MapTask: Processing split: hdfs://localhost/user/cloudera/shakespeare1/pg1112.txt:0+178983
2015-11-25 17:27:32,956 INFO org.apache.hadoop.mapred.MapTask: (EQUATOR) 0 kvi 26214396(104857584)
2015-11-25 17:27:32,957 INFO org.apache.hadoop.mapred.MapTask: mapreduce.task.io.sort.mb: 100
2015-11-25 17:27:32,957 INFO org.apache.hadoop.mapred.MapTask: soft limit at 83886080
2015-11-25 17:27:32,957 INFO org.apache.hadoop.mapred.MapTask: bufstart = 0; bufvoid = 104857600
2015-11-25 17:27:32,957 INFO org.apache.hadoop.mapred.MapTask: kvstart = 26214396; length = 6553600
2015-11-25 17:27:32,958 INFO org.apache.hadoop.mapred.MapTask: Map output collector class = org.apache.hadoop.mapred.MapTask$MapOutputBuffer
2015-11-25 17:27:32,968 INFO org.apache.hadoop.mapreduce.lib.input.LineRecordReader: Found UTF-8 BOM and skipped it
2015-11-25 17:27:33,246 INFO org.apache.hadoop.mapred.LocalJobRunner: 
2015-11-25 17:27:33,251 INFO org.apache.hadoop.mapred.MapTask: Starting flush of map output
2015-11-25 17:27:33,251 INFO org.apache.hadoop.mapred.MapTask: Spilling map output
2015-11-25 17:27:33,251 INFO org.apache.hadoop.mapred.MapTask: bufstart = 0; bufend = 254614; bufvoid = 104857600
2015-11-25 17:27:33,251 INFO org.apache.hadoop.mapred.MapTask: kvstart = 26214396(104857584); kvend = 26103900(104415600); length = 110497/6553600
2015-11-25 17:27:33,414 INFO org.apache.hadoop.mapred.MapTask: Finished spill 0
2015-11-25 17:27:33,436 INFO org.apache.hadoop.mapred.Task: Task:attempt_local71799628_0001_m_000001_0 is done. And is in the process of committing
2015-11-25 17:27:33,449 INFO org.apache.hadoop.mapred.LocalJobRunner: map
2015-11-25 17:27:33,451 INFO org.apache.hadoop.mapred.Task: Task 'attempt_local71799628_0001_m_000001_0' done.
2015-11-25 17:27:33,451 INFO org.apache.hadoop.mapred.LocalJobRunner: Finishing task: attempt_local71799628_0001_m_000001_0
2015-11-25 17:27:33,451 INFO org.apache.hadoop.mapred.LocalJobRunner: Starting task: attempt_local71799628_0001_m_000002_0
2015-11-25 17:27:33,460 INFO org.apache.hadoop.mapred.Task:  Using ResourceCalculatorProcessTree : [ ]
2015-11-25 17:27:33,473 INFO org.apache.hadoop.mapreduce.Job:  map 100% reduce 0%
2015-11-25 17:27:33,475 INFO org.apache.hadoop.mapred.MapTask: Processing split: hdfs://localhost/user/cloudera/shakespeare1/pg2267.txt:0+171897
2015-11-25 17:27:33,613 INFO org.apache.hadoop.mapred.MapTask: (EQUATOR) 0 kvi 26214396(104857584)
2015-11-25 17:27:33,615 INFO org.apache.hadoop.mapred.MapTask: mapreduce.task.io.sort.mb: 100
2015-11-25 17:27:33,615 INFO org.apache.hadoop.mapred.MapTask: soft limit at 83886080
2015-11-25 17:27:33,615 INFO org.apache.hadoop.mapred.MapTask: bufstart = 0; bufvoid = 104857600
2015-11-25 17:27:33,615 INFO org.apache.hadoop.mapred.MapTask: kvstart = 26214396; length = 6553600
2015-11-25 17:27:33,620 INFO org.apache.hadoop.mapred.MapTask: Map output collector class = org.apache.hadoop.mapred.MapTask$MapOutputBuffer
2015-11-25 17:27:33,638 INFO org.apache.hadoop.mapreduce.lib.input.LineRecordReader: Found UTF-8 BOM and skipped it
2015-11-25 17:27:33,840 INFO org.apache.hadoop.mapred.LocalJobRunner: 
2015-11-25 17:27:33,841 INFO org.apache.hadoop.mapred.MapTask: Starting flush of map output
2015-11-25 17:27:33,841 INFO org.apache.hadoop.mapred.MapTask: Spilling map output
2015-11-25 17:27:33,841 INFO org.apache.hadoop.mapred.MapTask: bufstart = 0; bufend = 264352; bufvoid = 104857600
2015-11-25 17:27:33,841 INFO org.apache.hadoop.mapred.MapTask: kvstart = 26214396(104857584); kvend = 26100032(104400128); length = 114365/6553600
2015-11-25 17:27:33,889 INFO org.apache.hadoop.mapred.MapTask: Finished spill 0
2015-11-25 17:27:33,894 INFO org.apache.hadoop.mapred.Task: Task:attempt_local71799628_0001_m_000002_0 is done. And is in the process of committing
2015-11-25 17:27:33,899 INFO org.apache.hadoop.mapred.LocalJobRunner: map
2015-11-25 17:27:33,899 INFO org.apache.hadoop.mapred.Task: Task 'attempt_local71799628_0001_m_000002_0' done.
2015-11-25 17:27:33,900 INFO org.apache.hadoop.mapred.LocalJobRunner: Finishing task: attempt_local71799628_0001_m_000002_0
2015-11-25 17:27:33,900 INFO org.apache.hadoop.mapred.LocalJobRunner: map task executor complete.
2015-11-25 17:27:33,905 INFO org.apache.hadoop.mapred.LocalJobRunner: Waiting for reduce tasks
2015-11-25 17:27:33,906 INFO org.apache.hadoop.mapred.LocalJobRunner: Starting task: attempt_local71799628_0001_r_000000_0
2015-11-25 17:27:33,920 INFO org.apache.hadoop.mapred.Task:  Using ResourceCalculatorProcessTree : [ ]
2015-11-25 17:27:33,930 INFO org.apache.hadoop.mapred.ReduceTask: Using ShuffleConsumerPlugin: org.apache.hadoop.mapreduce.task.reduce.Shuffle@67243a58
2015-11-25 17:27:33,957 INFO org.apache.hadoop.mapreduce.task.reduce.MergeManagerImpl: MergerManager: memoryLimit=679778688, maxSingleShuffleLimit=169944672, mergeThreshold=448653952, ioSortFactor=10, memToMemMergeOutputsThreshold=10
2015-11-25 17:27:33,964 INFO org.apache.hadoop.mapreduce.task.reduce.EventFetcher: attempt_local71799628_0001_r_000000_0 Thread started: EventFetcher for fetching Map Completion Events
2015-11-25 17:27:34,030 INFO org.apache.hadoop.mapreduce.task.reduce.LocalFetcher: localfetcher#1 about to shuffle output of map attempt_local71799628_0001_m_000001_0 decomp: 309866 len: 309870 to MEMORY
2015-11-25 17:27:34,035 INFO org.apache.hadoop.mapreduce.task.reduce.InMemoryMapOutput: Read 309866 bytes from map-output for attempt_local71799628_0001_m_000001_0
2015-11-25 17:27:34,039 INFO org.apache.hadoop.mapreduce.task.reduce.MergeManagerImpl: closeInMemoryFile -> map-output of size: 309866, inMemoryMapOutputs.size() -> 1, commitMemory -> 0, usedMemory ->309866
2015-11-25 17:27:34,044 INFO org.apache.hadoop.mapreduce.task.reduce.LocalFetcher: localfetcher#1 about to shuffle output of map attempt_local71799628_0001_m_000002_0 decomp: 321538 len: 321542 to MEMORY
2015-11-25 17:27:34,046 INFO org.apache.hadoop.mapreduce.task.reduce.InMemoryMapOutput: Read 321538 bytes from map-output for attempt_local71799628_0001_m_000002_0
2015-11-25 17:27:34,046 INFO org.apache.hadoop.mapreduce.task.reduce.MergeManagerImpl: closeInMemoryFile -> map-output of size: 321538, inMemoryMapOutputs.size() -> 2, commitMemory -> 309866, usedMemory ->631404
2015-11-25 17:27:34,049 INFO org.apache.hadoop.mapreduce.task.reduce.LocalFetcher: localfetcher#1 about to shuffle output of map attempt_local71799628_0001_m_000000_0 decomp: 363058 len: 363062 to MEMORY
2015-11-25 17:27:34,051 INFO org.apache.hadoop.mapreduce.task.reduce.InMemoryMapOutput: Read 363058 bytes from map-output for attempt_local71799628_0001_m_000000_0
2015-11-25 17:27:34,051 INFO org.apache.hadoop.mapreduce.task.reduce.MergeManagerImpl: closeInMemoryFile -> map-output of size: 363058, inMemoryMapOutputs.size() -> 3, commitMemory -> 631404, usedMemory ->994462
2015-11-25 17:27:34,052 INFO org.apache.hadoop.mapreduce.task.reduce.EventFetcher: EventFetcher is interrupted.. Returning
2015-11-25 17:27:34,053 INFO org.apache.hadoop.mapred.LocalJobRunner: 3 / 3 copied.
2015-11-25 17:27:34,053 INFO org.apache.hadoop.mapreduce.task.reduce.MergeManagerImpl: finalMerge called with 3 in-memory map-outputs and 0 on-disk map-outputs
2015-11-25 17:27:34,067 INFO org.apache.hadoop.mapred.Merger: Merging 3 sorted segments
2015-11-25 17:27:34,072 INFO org.apache.hadoop.mapred.Merger: Down to the last merge-pass, with 3 segments left of total size: 994439 bytes
2015-11-25 17:27:34,503 INFO org.apache.hadoop.mapreduce.task.reduce.MergeManagerImpl: Merged 3 segments, 994462 bytes to disk to satisfy reduce memory limit
2015-11-25 17:27:34,504 INFO org.apache.hadoop.mapreduce.task.reduce.MergeManagerImpl: Merging 1 files, 994462 bytes from disk
2015-11-25 17:27:34,505 INFO org.apache.hadoop.mapreduce.task.reduce.MergeManagerImpl: Merging 0 segments, 0 bytes from memory into reduce
2015-11-25 17:27:34,505 INFO org.apache.hadoop.mapred.Merger: Merging 1 sorted segments
2015-11-25 17:27:34,507 INFO org.apache.hadoop.mapred.Merger: Down to the last merge-pass, with 1 segments left of total size: 994452 bytes
2015-11-25 17:27:34,508 INFO org.apache.hadoop.mapred.LocalJobRunner: 3 / 3 copied.
2015-11-25 17:27:34,547 INFO org.apache.hadoop.conf.Configuration.deprecation: mapred.skip.on is deprecated. Instead, use mapreduce.job.skiprecords
2015-11-25 17:27:35,914 INFO org.apache.hadoop.mapred.Task: Task:attempt_local71799628_0001_r_000000_0 is done. And is in the process of committing
2015-11-25 17:27:35,930 INFO org.apache.hadoop.mapred.LocalJobRunner: 3 / 3 copied.
2015-11-25 17:27:35,930 INFO org.apache.hadoop.mapred.Task: Task attempt_local71799628_0001_r_000000_0 is allowed to commit now
2015-11-25 17:27:35,952 INFO org.apache.hadoop.mapreduce.lib.output.FileOutputCommitter: Saved output of task 'attempt_local71799628_0001_r_000000_0' to hdfs://localhost/user/cloudera/hadoopout/_temporary/0/task_local71799628_0001_r_000000
2015-11-25 17:27:35,954 INFO org.apache.hadoop.mapred.LocalJobRunner: reduce > reduce
2015-11-25 17:27:35,954 INFO org.apache.hadoop.mapred.Task: Task 'attempt_local71799628_0001_r_000000_0' done.
2015-11-25 17:27:35,955 INFO org.apache.hadoop.mapred.LocalJobRunner: Finishing task: attempt_local71799628_0001_r_000000_0
2015-11-25 17:27:35,955 INFO org.apache.hadoop.mapred.LocalJobRunner: reduce task executor complete.
2015-11-25 17:27:36,475 INFO org.apache.hadoop.mapreduce.Job:  map 100% reduce 100%
2015-11-25 17:27:36,476 INFO org.apache.hadoop.mapreduce.Job: Job job_local71799628_0001 completed successfully
2015-11-25 17:27:36,526 INFO org.apache.hadoop.mapreduce.Job: Counters: 38
	File System Counters
		FILE: Number of bytes read=1992820
		FILE: Number of bytes written=5009840
		FILE: Number of read operations=0
		FILE: Number of large read operations=0
		FILE: Number of write operations=0
		HDFS: Number of bytes read=1652519
		HDFS: Number of bytes written=100625
		HDFS: Number of read operations=37
		HDFS: Number of large read operations=0
		HDFS: Number of write operations=6
	Map-Reduce Framework
		Map input records=16955
		Map output records=88674
		Map output bytes=817108
		Map output materialized bytes=994474
		Input split bytes=357
		Combine input records=0
		Combine output records=0
		Reduce input groups=10530
		Reduce shuffle bytes=994474
		Reduce input records=88674
		Reduce output records=10530
		Spilled Records=177348
		Shuffled Maps =3
		Failed Shuffles=0
		Merged Map outputs=3
		GC time elapsed (ms)=282
		CPU time spent (ms)=0
		Physical memory (bytes) snapshot=0
		Virtual memory (bytes) snapshot=0
		Total committed heap usage (bytes)=773603328
	Shuffle Errors
		BAD_ID=0
		CONNECTION=0
		IO_ERROR=0
		WRONG_LENGTH=0
		WRONG_MAP=0
		WRONG_REDUCE=0
	File Input Format Counters 
		Bytes Read=543824
	File Output Format Counters 
		Bytes Written=100625
