Pig Stack Trace
---------------
ERROR 1066: Unable to open iterator for alias TT

org.apache.pig.impl.logicalLayer.FrontendException: ERROR 1066: Unable to open iterator for alias TT
	at org.apache.pig.PigServer.openIterator(PigServer.java:880)
	at org.apache.pig.tools.grunt.GruntParser.processDump(GruntParser.java:774)
	at org.apache.pig.tools.pigscript.parser.PigScriptParser.parse(PigScriptParser.java:372)
	at org.apache.pig.tools.grunt.GruntParser.parseStopOnError(GruntParser.java:198)
	at org.apache.pig.tools.grunt.GruntParser.parseStopOnError(GruntParser.java:173)
	at org.apache.pig.tools.grunt.Grunt.exec(Grunt.java:84)
	at org.apache.pig.Main.run(Main.java:607)
	at org.apache.pig.Main.main(Main.java:156)
	at sun.reflect.NativeMethodAccessorImpl.invoke0(Native Method)
	at sun.reflect.NativeMethodAccessorImpl.invoke(NativeMethodAccessorImpl.java:57)
	at sun.reflect.DelegatingMethodAccessorImpl.invoke(DelegatingMethodAccessorImpl.java:43)
	at java.lang.reflect.Method.invoke(Method.java:606)
	at org.apache.hadoop.util.RunJar.main(RunJar.java:212)
Caused by: java.io.IOException: Job terminated with anomalous status FAILED
	at org.apache.pig.PigServer.openIterator(PigServer.java:872)
	... 12 more
================================================================================
